<?xml version="1.0" encoding="UTF-8"?>
<testsuite xmlns:xsi="http://www.w3.org/2001/XMLSchema-instance" xsi:noNamespaceSchemaLocation="https://maven.apache.org/surefire/maven-surefire-plugin/xsd/surefire-test-report-3.0.xsd" version="3.0" name="CreateUserTest" time="2.171" tests="3" errors="0" skipped="0" failures="0">
  <properties>
[...]
</properties>
  <testcase name="cannotCreateAlreadyRegisteredUser" classname="CreateUserTest" time="1.011"/>
  <testcase name="canCreateUniqueUser" classname="CreateUserTest" time="0.589"/>
  <testcase name="cannotCreateUserWithoutRequiredFields" classname="CreateUserTest" time="0.568"/>
</testsuite>